<?xml version="1.0" encoding="UTF-8"?>
<!-- Generated by org.testng.reporters.JUnitReportReporter -->
<testsuite hostname="AS-Soft" failures="0" tests="1" name="testCases.TC_01_LoginTest" time="2.104" errors="0" timestamp="2025-04-22T00:54:11 IST" skipped="0">
  <testcase classname="testCases.TC_01_LoginTest" name="LoginTest" time="2.104"/>
  <system-out/>
</testsuite> <!-- testCases.TC_01_LoginTest -->
